g:\meu drive\faculdade\6 semestre\computação gráfica\atividadesgit\baseappopengl\debug\vc143.pdb
g:\meu drive\faculdade\6 semestre\computação gráfica\atividadesgit\baseappopengl\debug\vc143.idb
g:\meu drive\faculdade\6 semestre\computação gráfica\atividadesgit\baseappopengl\debug\scenemanager.obj
g:\meu drive\faculdade\6 semestre\computação gráfica\atividadesgit\baseappopengl\debug\scenebaseclass.obj
g:\meu drive\faculdade\6 semestre\computação gráfica\atividadesgit\baseappopengl\debug\scene3.obj
g:\meu drive\faculdade\6 semestre\computação gráfica\atividadesgit\baseappopengl\debug\scene2.obj
g:\meu drive\faculdade\6 semestre\computação gráfica\atividadesgit\baseappopengl\debug\scene1.obj
g:\meu drive\faculdade\6 semestre\computação gráfica\atividadesgit\baseappopengl\debug\main.obj
g:\meu drive\faculdade\6 semestre\computação gráfica\atividadesgit\baseappopengl\debug\helpers.obj
g:\meu drive\faculdade\6 semestre\computação gráfica\atividadesgit\baseappopengl\debug\gltexture.obj
g:\meu drive\faculdade\6 semestre\computação gráfica\atividadesgit\baseappopengl\debug\ctimer.obj
g:\meu drive\faculdade\6 semestre\computação gráfica\atividadesgit\baseappopengl\debug\ctexture.obj
g:\meu drive\faculdade\6 semestre\computação gráfica\atividadesgit\baseappopengl\debug\ctexto.obj
g:\meu drive\faculdade\6 semestre\computação gráfica\atividadesgit\baseappopengl\debug\cshadermanager.obj
g:\meu drive\faculdade\6 semestre\computação gráfica\atividadesgit\baseappopengl\debug\cmodel_3ds.obj
g:\meu drive\faculdade\6 semestre\computação gráfica\atividadesgit\baseappopengl\debug\ccamera.obj
g:\meu drive\faculdade\6 semestre\computação gráfica\atividadesgit\baseappopengl\debug\scene4.obj
g:\meu drive\faculdade\6 semestre\computação gráfica\atividadesgit\debug\baseappopengl.exe
g:\meu drive\faculdade\6 semestre\computação gráfica\atividadesgit\debug\baseappopengl.pdb
g:\meu drive\faculdade\6 semestre\computação gráfica\atividadesgit\baseappopengl\debug\baseappopengl.tlog\cl.read.1.tlog
g:\meu drive\faculdade\6 semestre\computação gráfica\atividadesgit\baseappopengl\debug\baseappopengl.tlog\cl.write.1.tlog
g:\meu drive\faculdade\6 semestre\computação gráfica\atividadesgit\baseappopengl\debug\baseappopengl.tlog\cl.command.1.tlog
g:\meu drive\faculdade\6 semestre\computação gráfica\atividadesgit\baseappopengl\debug\baseappopengl.tlog\link.read.1.tlog
g:\meu drive\faculdade\6 semestre\computação gráfica\atividadesgit\baseappopengl\debug\baseappopengl.tlog\link.write.1.tlog
g:\meu drive\faculdade\6 semestre\computação gráfica\atividadesgit\baseappopengl\debug\baseappopengl.tlog\link.command.1.tlog
